
Showing logs for build [32mcb-kubecd-environment-pr-1491-4-n5n8d-1[0m stage [32mfrom-build-pack[0m and container [32mstep-credential-initializer-vfmdd[0m
{"level":"info","ts":1590066539.3193858,"logger":"fallback-logger","caller":"logging/config.go:69","msg":"Fetch GitHub commit ID from kodata failed: open /var/run/ko/refs/heads/0.8.0-ns-support: no such file or directory"}
{"level":"info","ts":1590066539.3203468,"logger":"fallback-logger","caller":"creds-init/main.go:40","msg":"Credentials initialized."}

Showing logs for build [32mcb-kubecd-environment-pr-1491-4-n5n8d-1[0m stage [32mfrom-build-pack[0m and container [32mstep-working-dir-initializer-dg26j[0m
{"level":"info","ts":1590066540.7729294,"logger":"fallback-logger","caller":"logging/config.go:69","msg":"Fetch GitHub commit ID from kodata failed: open /var/run/ko/HEAD: no such file or directory"}
{"level":"info","ts":1590066540.7750714,"logger":"fallback-logger","caller":"bash/main.go:64","msg":"Successfully executed command \"sh -c mkdir -p /workspace/source\"; output "}

Showing logs for build [32mcb-kubecd-environment-pr-1491-4-n5n8d-1[0m stage [32mfrom-build-pack[0m and container [32mstep-place-tools[0m

Showing logs for build [32mcb-kubecd-environment-pr-1491-4-n5n8d-1[0m stage [32mfrom-build-pack[0m and container [32mstep-git-source-cb-kubecd-environment-pr-1491-4-n5n8d-4tbqg[0m
{"level":"info","ts":1590066545.844474,"logger":"fallback-logger","caller":"logging/config.go:69","msg":"Fetch GitHub commit ID from kodata failed: open /var/run/ko/refs/heads/0.8.0-ns-support: no such file or directory"}
{"level":"info","ts":1590066546.88239,"logger":"fallback-logger","caller":"git/git.go:103","msg":"Successfully cloned https://github.com/cb-kubecd/environment-pr-1491-43-bdd-frontend-staging.git @ master in path /workspace/source"}

Showing logs for build [32mcb-kubecd-environment-pr-1491-4-n5n8d-1[0m stage [32mfrom-build-pack[0m and container [32mstep-git-merge[0m
Using SHAs from PULL_REFS=master:a8684c2ebbd9a3e139a0bcdb71fa6d08bf4d3516,1:abf8805f1f952c782f7f2c99b055c48da9103612
DEBUG: LC_ALL=C JX_LOG_LEVEL=error git fetch origin --unshallow abf8805f1f952c782f7f2c99b055c48da9103612: a8684c2ebbd9a3e139a0bcdb71fa6d08bf4d3516:
DEBUG: ran git fetch --unshallow origin abf8805f1f952c782f7f2c99b055c48da9103612: a8684c2ebbd9a3e139a0bcdb71fa6d08bf4d3516: in 
DEBUG: LC_ALL=C JX_LOG_LEVEL=error git branch
DEBUG: LC_ALL=C JX_LOG_LEVEL=error git checkout master
DEBUG: ran git checkout master in 
DEBUG: LC_ALL=C JX_LOG_LEVEL=error git reset --hard a8684c2ebbd9a3e139a0bcdb71fa6d08bf4d3516
DEBUG: ran git reset --hard a8684c2ebbd9a3e139a0bcdb71fa6d08bf4d3516 in 
DEBUG: LC_ALL=C JX_LOG_LEVEL=error git clean -fd .
DEBUG: ran clean --force -d . in 
DEBUG: LC_ALL=C JX_LOG_LEVEL=error git merge abf8805f1f952c782f7f2c99b055c48da9103612
DEBUG: ran git merge abf8805f1f952c782f7f2c99b055c48da9103612 in 
DEBUG: JX_LOG_LEVEL=error LC_ALL=C git log --format=%H%x1f%an%x1f%ae%x1f%cn%x1f%ce%x1f%s%n%b%x1e a8684c2ebbd9a3e139a0bcdb71fa6d08bf4d3516..HEAD
Merged SHA abf8805f1f952c782f7f2c99b055c48da9103612 with commit message 'chore: Promote bdd-nh-1590065484 to version 0.0.1' into base branch master

Showing logs for build [32mcb-kubecd-environment-pr-1491-4-n5n8d-1[0m stage [32mfrom-build-pack[0m and container [32mstep-build-helm-build[0m
WARNING: No $CHART_REPOSITORY defined so using the default value of: http://jenkins-x-chartmuseum:8080
Adding missing Helm repo: storage.googleapis.com https://storage.googleapis.com/chartmuseum.jenkins-x.io
WARNING: No secrets found on "helm/repos" due: reading the secret "helm/repos" from vault: no secret "helm/repos" not found in vault
Read credentials for https://storage.googleapis.com/chartmuseum.jenkins-x.io from vault helm/repos
Successfully added Helm repository storage.googleapis.com.
Adding missing Helm repo: jenkins-x-chartmuseum http://jenkins-x-chartmuseum:8080
WARNING: No secrets found on "helm/repos" due: reading the secret "helm/repos" from vault: no secret "helm/repos" not found in vault
Read credentials for http://jenkins-x-chartmuseum:8080 from vault helm/repos
Successfully added Helm repository jenkins-x-chartmuseum.
WARNING: No $CHART_REPOSITORY defined so using the default value of: http://jenkins-x-chartmuseum:8080
Adding missing Helm repo: chartmuseum.jenkins-x.io http://chartmuseum.jenkins-x.io
WARNING: No secrets found on "helm/repos" due: reading the secret "helm/repos" from vault: no secret "helm/repos" not found in vault
Read credentials for http://chartmuseum.jenkins-x.io from vault helm/repos
Successfully added Helm repository chartmuseum.jenkins-x.io.
